=== 开始同步 2026-04-21 运营数据 ===
当日数据: 客流158人, 销售额10,120元, 新增会员14人

1. 更新产品仓库...
更新仓库: zwiserfit-ai-store-manager
  已提交: zwiserfit-ai-store-manager

2. 更新组织仓库...
更新仓库: ZWISERFIT
  已提交: ZWISERFIT

=== 同步完成 ===
产品仓库: 成功
组织仓库: 成功

需要手动推送更改（GitHub认证）:
cd /home/agentuser/.openclaw/workspace/zwiserfit-ai-store-manager && git push origin main
cd /home/agentuser/.openclaw/workspace/ZWISERFIT && git push origin main

已记录到: /home/agentuser/.openclaw/workspace/memory/2026-04-21.md
=== 开始同步 2026-04-22 运营数据 ===
当日数据: 客流132人, 销售额8,760元, 新增会员14人

1. 更新产品仓库...
更新仓库: zwiserfit-ai-store-manager
拉取失败，可能没有网络连接或认证问题: Command '['git', 'pull', 'origin', 'main']' returned non-zero exit status 1.
  已提交: zwiserfit-ai-store-manager

2. 更新组织仓库...
更新仓库: ZWISERFIT
拉取失败，可能没有网络连接或认证问题: Command '['git', 'pull', 'origin', 'main']' returned non-zero exit status 1.
  已提交: ZWISERFIT

=== 同步完成 ===
产品仓库: 成功
组织仓库: 成功

需要手动推送更改（GitHub认证）:
cd /home/agentuser/.openclaw/workspace/zwiserfit-ai-store-manager && git push origin main
cd /home/agentuser/.openclaw/workspace/ZWISERFIT && git push origin main

已记录到: /home/agentuser/.openclaw/workspace/memory/2026-04-22.md
=== 开始同步 2026-04-23 运营数据 ===
当日数据: 客流142人, 销售额9,240元, 新增会员14人

1. 更新产品仓库...
更新仓库: zwiserfit-ai-store-manager
拉取失败，可能没有网络连接或认证问题: Command '['git', 'pull', 'origin', 'main']' returned non-zero exit status 128.
  已提交: zwiserfit-ai-store-manager

2. 更新组织仓库...
更新仓库: ZWISERFIT
拉取失败，可能没有网络连接或认证问题: Command '['git', 'pull', 'origin', 'main']' returned non-zero exit status 128.
  已提交: ZWISERFIT

=== 同步完成 ===
产品仓库: 成功
组织仓库: 成功

需要手动推送更改（GitHub认证）:
cd /home/agentuser/.openclaw/workspace/zwiserfit-ai-store-manager && git push origin main
cd /home/agentuser/.openclaw/workspace/ZWISERFIT && git push origin main

已记录到: /home/agentuser/.openclaw/workspace/memory/2026-04-23.md
=== 开始同步 2026-04-24 运营数据 ===
当日数据: 客流142人, 销售额9,240元, 新增会员14人

1. 更新产品仓库...
更新仓库: zwiserfit-ai-store-manager
拉取失败，可能没有网络连接或认证问题: Command '['git', 'pull', 'origin', 'main']' returned non-zero exit status 1.
  已提交: zwiserfit-ai-store-manager

2. 更新组织仓库...
更新仓库: ZWISERFIT
拉取失败，可能没有网络连接或认证问题: Command '['git', 'pull', 'origin', 'main']' returned non-zero exit status 1.
  已提交: ZWISERFIT

=== 同步完成 ===
产品仓库: 成功
组织仓库: 成功

需要手动推送更改（GitHub认证）:
cd /home/agentuser/.openclaw/workspace/zwiserfit-ai-store-manager && git push origin main
cd /home/agentuser/.openclaw/workspace/ZWISERFIT && git push origin main

已记录到: /home/agentuser/.openclaw/workspace/memory/2026-04-24.md
=== 开始同步 2026-04-25 运营数据 ===
当日数据: 客流142人, 销售额9,240元, 新增会员14人

1. 更新产品仓库...
更新仓库: zwiserfit-ai-store-manager
拉取失败，可能没有网络连接或认证问题: Command '['git', 'pull', 'origin', 'main']' returned non-zero exit status 128.
  已提交: zwiserfit-ai-store-manager

2. 更新组织仓库...
更新仓库: ZWISERFIT
拉取失败，可能没有网络连接或认证问题: Command '['git', 'pull', 'origin', 'main']' returned non-zero exit status 128.
  已提交: ZWISERFIT

=== 同步完成 ===
产品仓库: 成功
组织仓库: 成功

需要手动推送更改（GitHub认证）:
cd /home/agentuser/.openclaw/workspace/zwiserfit-ai-store-manager && git push origin main
cd /home/agentuser/.openclaw/workspace/ZWISERFIT && git push origin main

已记录到: /home/agentuser/.openclaw/workspace/memory/2026-04-25.md
=== 开始同步 2026-04-26 运营数据 ===
当日数据: 客流142人, 销售额9,240元, 新增会员14人

1. 更新产品仓库...
更新仓库: zwiserfit-ai-store-manager
拉取失败，可能没有网络连接或认证问题: Command '['git', 'pull', 'origin', 'main']' returned non-zero exit status 128.
  已提交: zwiserfit-ai-store-manager

2. 更新组织仓库...
更新仓库: ZWISERFIT
拉取失败，可能没有网络连接或认证问题: Command '['git', 'pull', 'origin', 'main']' returned non-zero exit status 128.
  已提交: ZWISERFIT

=== 同步完成 ===
产品仓库: 成功
组织仓库: 成功

需要手动推送更改（GitHub认证）:
cd /home/agentuser/.openclaw/workspace/zwiserfit-ai-store-manager && git push origin main
cd /home/agentuser/.openclaw/workspace/ZWISERFIT && git push origin main

已记录到: /home/agentuser/.openclaw/workspace/memory/2026-04-26.md
=== 开始同步 2026-04-27 运营数据 ===
当日数据: 客流142人, 销售额9,240元, 新增会员14人

1. 更新产品仓库...
更新仓库: zwiserfit-ai-store-manager
拉取失败，可能没有网络连接或认证问题: Command '['git', 'pull', 'origin', 'main']' returned non-zero exit status 128.
  已提交: zwiserfit-ai-store-manager

2. 更新组织仓库...
更新仓库: ZWISERFIT
拉取失败，可能没有网络连接或认证问题: Command '['git', 'pull', 'origin', 'main']' returned non-zero exit status 128.
  已提交: ZWISERFIT

=== 同步完成 ===
产品仓库: 成功
组织仓库: 成功

需要手动推送更改（GitHub认证）:
cd /home/agentuser/.openclaw/workspace/zwiserfit-ai-store-manager && git push origin main
cd /home/agentuser/.openclaw/workspace/ZWISERFIT && git push origin main

已记录到: /home/agentuser/.openclaw/workspace/memory/2026-04-27.md
